"../../../../../../VR Projects/Escape-room/Content/Player/FirstPerson/CH_FirstPerson_01.uasset" 0
"../../../../../../VR Projects/Escape-room/Content/Base/GM_MouseKeyboard.uasset" 1
"../../../../../../VR Projects/Escape-room/Content/VirtualReality/Mannequin/Character/Mesh/MannequinHand_Right_Skeleton.uasset" 2
"../../../../../../VR Projects/Escape-room/Content/VirtualReality/Mannequin/Animations/MannequinHand_Right_CanGrab.uasset" 3
"../../../../../../VR Projects/Escape-room/Content/VirtualReality/Mannequin/Animations/MannequinHand_Right_Grab.uasset" 4
"../../../../../../VR Projects/Escape-room/Content/VirtualReality/Mannequin/Animations/MannequinHand_Right_Open.uasset" 5
"../../../../../../VR Projects/Escape-room/Content/VirtualReality/Mannequin/Animations/RightGrip_BS.uasset" 6
"../../../../../../VR Projects/Escape-room/Content/VirtualRealityBP/Blueprints/GripEnum.uasset" 7
"../../../../../../VR Projects/Escape-room/Content/VirtualReality/Mannequin/Animations/RightHand_AnimBP.uasset" 8
"../../../Engine/Content/EditorBlueprintResources/StandardMacros.uasset" 9
"../../../../../../VR Projects/Escape-room/Content/ThingsIMade/NavArea_CongratsSpace.uasset" 10
"../../../../../../VR Projects/Escape-room/Content/ThingsIMade/NavFilter_CongratsSpace.uasset" 11
"../../../../../../VR Projects/Escape-room/Content/VirtualRealityBP/Blueprints/PickupActorInterface.uasset" 12
"../../../../../../VR Projects/Escape-room/Content/VirtualRealityBP/Blueprints/MotionControllerHaptics.uasset" 13
"../../../Engine/Content/Functions/Engine_MaterialFunctions02/Utility/BreakOutFloat2Components.uasset" 14
"../../../Engine/Content/Functions/Engine_MaterialFunctions01/Texturing/ScaleUVsByCenter.uasset" 15
"../../../Engine/Content/Functions/Engine_MaterialFunctions02/ScreenResolution.uasset" 16
"../../../Engine/Content/Functions/Engine_MaterialFunctions02/Texturing/ScreenAlignedUVs.uasset" 17
"../../../Engine/Content/Functions/Engine_MaterialFunctions02/Utility/CameraDirectionVector.uasset" 18
"../../../Engine/Content/Functions/Engine_MaterialFunctions02/Utility/DepthFromWorldPosition.uasset" 19
"../../../../../../VR Projects/Escape-room/Content/VirtualReality/Materials/MF_OccludedPixels.uasset" 20
"../../../../../../VR Projects/Escape-room/Content/VirtualReality/Materials/TeleportMCP.uasset" 21
"../../../Engine/Content/EngineMaterials/Good64x64TilingNoiseHighFreq.uasset" 22
"../../../../../../VR Projects/Escape-room/Content/VirtualReality/Materials/M_ArcEndpoint.uasset" 23
"../../../../../../VR Projects/Escape-room/Content/VirtualReality/Materials/M_SplineArcMat.uasset" 24
"../../../../../../VR Projects/Escape-room/Content/VirtualReality/Materials/M_TeleportPreviews.uasset" 25
"../../../../../../VR Projects/Escape-room/Content/VirtualReality/Materials/MI_ChaperoneOutline.uasset" 26
"../../../../../../VR Projects/Escape-room/Content/VirtualReality/Materials/MI_TeleportCylinderPreview.uasset" 27
"../../../Engine/Content/Functions/Engine_MaterialFunctions01/Opacity/CameraDepthFade.uasset" 28
"../../../Engine/Content/EngineMaterials/T_Default_Material_Grid_M.uasset" 29
"../../../Engine/Content/EngineMaterials/T_Default_Material_Grid_N.uasset" 30
"../../../Engine/Content/EngineMaterials/DefaultMaterial.uasset" 31
"../../../Engine/Content/BasicShapes/Cylinder.uasset" 32
"../../../Engine/Content/BasicShapes/Sphere.uasset" 33
"../../../../../../VR Projects/Escape-room/Content/VirtualReality/Mannequin/Character/Textures/UE4_Mannequin__normals.uasset" 34
"../../../../../../VR Projects/Escape-room/Content/VirtualReality/Mannequin/Character/Textures/UE4_Mannequin_MAT_MASKA.uasset" 35
"../../../../../../VR Projects/Escape-room/Content/VirtualReality/Mannequin/Character/Materials/M_HandMat.uasset" 36
"../../../../../../VR Projects/Escape-room/Content/VirtualReality/Mannequin/Character/Mesh/MannequinHand_Right_PhysicsAsset.uasset" 37
"../../../../../../VR Projects/Escape-room/Content/VirtualReality/Mannequin/Character/Mesh/MannequinHand_Right.uasset" 38
"../../../Engine/Content/EngineMaterials/WorldGridMaterial.uasset" 39
"../../../../../../VR Projects/Escape-room/Content/VirtualReality/Meshes/1x1_cube.uasset" 40
"../../../../../../VR Projects/Escape-room/Content/VirtualReality/Meshes/BeaconDirection.uasset" 41
"../../../../../../VR Projects/Escape-room/Content/VirtualReality/Meshes/BeamMesh.uasset" 42
"../../../../../../VR Projects/Escape-room/Content/VirtualReality/Meshes/SM_FatCylinder.uasset" 43
"../../../../../../VR Projects/Escape-room/Content/VirtualRealityBP/Blueprints/BP_MotionController.uasset" 44
"../../../../../../VR Projects/Escape-room/Content/VirtualRealityBP/Blueprints/MotionControllerPawn.uasset" 45
"../../../../../../VR Projects/Escape-room/Content/Base/GM_VirtualReality.uasset" 46
"../../../../../../VR Projects/Escape-room/Content/GameMusicMegaPack/Stingers/Cartoon/It_was_me_all_along.uasset" 47
"../../../../../../VR Projects/Escape-room/Content/GameMusicMegaPack/Stingers/Cartoon/It_was_me_all_along_Cue.uasset" 48
"../../../../../../VR Projects/Escape-room/Content/GameMusicMegaPack/Stingers/Cartoon/Magic_Dust_Cue.uasset" 49
"../../../../../../VR Projects/Escape-room/Content/GameMusicMegaPack/Stingers/Cartoon/Sneaking_Mouse.uasset" 50
"../../../../../../VR Projects/Escape-room/Content/GameMusicMegaPack/Stingers/Cartoon/Sneaking_Mouse_2.uasset" 51
"../../../../../../VR Projects/Escape-room/Content/GameMusicMegaPack/Stingers/Cartoon/Sneaking_Mouse_2_Cue.uasset" 52
"../../../../../../VR Projects/Escape-room/Content/GameMusicMegaPack/Stingers/Cartoon/Sneaking_Mouse_Cue.uasset" 53
"../../../../../../VR Projects/Escape-room/Content/GameMusicMegaPack/Stingers/Horror/It_is_coming.uasset" 54
"../../../../../../VR Projects/Escape-room/Content/GameMusicMegaPack/Stingers/Horror/It_is_coming_Cue.uasset" 55
"../../../../../../VR Projects/Escape-room/Content/GameMusicMegaPack/Stingers/Horror/Jumpscare.uasset" 56
"../../../../../../VR Projects/Escape-room/Content/GameMusicMegaPack/Stingers/Horror/Jumpscare_-_Mild.uasset" 57
"../../../../../../VR Projects/Escape-room/Content/GameMusicMegaPack/Stingers/Horror/Jumpscare_-_Mild_Cue.uasset" 58
"../../../../../../VR Projects/Escape-room/Content/GameMusicMegaPack/Stingers/Horror/Jumpscare_2_-_0_03_sec_Delay.uasset" 59
"../../../../../../VR Projects/Escape-room/Content/GameMusicMegaPack/Stingers/Horror/Jumpscare_2_-_0_03_sec_Delay_Cue.uasset" 60
"../../../../../../VR Projects/Escape-room/Content/GameMusicMegaPack/Stingers/Horror/Jumpscare_2_-_0_03_sec_Delay_Massive.uasset" 61
"../../../../../../VR Projects/Escape-room/Content/GameMusicMegaPack/Stingers/Horror/Jumpscare_2_-_0_03_sec_Delay_Massive_Cue.uasset" 62
"../../../../../../VR Projects/Escape-room/Content/GameMusicMegaPack/Stingers/Horror/Jumpscare_Build.uasset" 63
"../../../../../../VR Projects/Escape-room/Content/GameMusicMegaPack/Stingers/Horror/Jumpscare_Build_Cue.uasset" 64
"../../../../../../VR Projects/Escape-room/Content/GameMusicMegaPack/Stingers/Horror/Jumpscare_Cue.uasset" 65
"../../../../../../VR Projects/Escape-room/Content/GameMusicMegaPack/Stingers/Horror/Little_dead_girl.uasset" 66
"../../../../../../VR Projects/Escape-room/Content/GameMusicMegaPack/Stingers/Horror/Little_dead_girl_2_Cue.uasset" 67
"../../../../../../VR Projects/Escape-room/Content/GameMusicMegaPack/Stingers/Horror/Little_dead_girl_Cue.uasset" 68
"../../../../../../VR Projects/Escape-room/Content/GameMusicMegaPack/Stingers/Horror/Where_is_it.uasset" 69
"../../../../../../VR Projects/Escape-room/Content/GameMusicMegaPack/Stingers/Horror/Where_is_it_Cue.uasset" 70
"../../../../../../VR Projects/Escape-room/Content/Geometry/Meshes/CubeMaterial.uasset" 71
"../../../../../../VR Projects/Escape-room/Content/Geometry/Meshes/1M_Cube_Chamfer.uasset" 72
"../../../../../../VR Projects/Escape-room/Content/Geometry/Meshes/TemplateFloor.uasset" 73
"../../../../../../VR Projects/Escape-room/Content/GTFreeMaterials/Textures/Concrete_FlatSurface/Concrete_FlatSurface_2k_alb.uasset" 74
"../../../../../../VR Projects/Escape-room/Content/GTFreeMaterials/Textures/Concrete_FlatSurface/Concrete_FlatSurface_2k_n.uasset" 75
"../../../../../../VR Projects/Escape-room/Content/GTFreeMaterials/Textures/Concrete_Square/Concrete_Square_2k_ao.uasset" 76
"../../../../../../VR Projects/Escape-room/Content/GTFreeMaterials/Textures/Concrete_Square/Concrete_Square_2k_h.uasset" 77
"../../../../../../VR Projects/Escape-room/Content/GTFreeMaterials/Textures/T_MacroVariation2.uasset" 78
"../../../../../../VR Projects/Escape-room/Content/GTFreeMaterials/Textures/wood_JFfantasyWoodPlanksNailedClean/wood_JFfantasyWoodPlanksNailedClean_2k_mask.uasset" 79
"../../../../../../VR Projects/Escape-room/Content/GTFreeMaterials/Materials/MasterMaterial.uasset" 80
"../../../../../../VR Projects/Escape-room/Content/GTFreeMaterials/Textures/brick_guiGen/brick_guiGen_2k_alb.uasset" 81
"../../../../../../VR Projects/Escape-room/Content/GTFreeMaterials/Textures/brick_guiGen/brick_guiGen_2k_g.uasset" 82
"../../../../../../VR Projects/Escape-room/Content/GTFreeMaterials/Textures/brick_guiGen/brick_guiGen_2k_h.uasset" 83
"../../../../../../VR Projects/Escape-room/Content/GTFreeMaterials/Textures/Concrete_FlatSurface/Concrete_FlatSurface_2k_g.uasset" 84
"../../../../../../VR Projects/Escape-room/Content/GTFreeMaterials/Textures/Concrete_FlatSurface/Concrete_FlatSurface_2k_s.uasset" 85
"../../../../../../VR Projects/Escape-room/Content/GTFreeMaterials/Textures/Concrete_Square/Concrete_Square_2k_alb.uasset" 86
"../../../../../../VR Projects/Escape-room/Content/GTFreeMaterials/Textures/Concrete_Square/Concrete_Square_2k_d.uasset" 87
"../../../../../../VR Projects/Escape-room/Content/GTFreeMaterials/Textures/Concrete_Square/Concrete_Square_2k_g.uasset" 88
"../../../../../../VR Projects/Escape-room/Content/GTFreeMaterials/Textures/Concrete_Square/Concrete_Square_2k_n.uasset" 89
"../../../../../../VR Projects/Escape-room/Content/GTFreeMaterials/Textures/Concrete_Square/Concrete_Square_2k_s.uasset" 90
"../../../../../../VR Projects/Escape-room/Content/GTFreeMaterials/Textures/wood_JFfantasyWoodPlanksNailedClean/wood_JFfantasyWoodPlanksNailedClean_2k_alb.uasset" 91
"../../../../../../VR Projects/Escape-room/Content/GTFreeMaterials/Textures/wood_JFfantasyWoodPlanksNailedClean/wood_JFfantasyWoodPlanksNailedClean_2k_d.uasset" 92
"../../../../../../VR Projects/Escape-room/Content/GTFreeMaterials/Textures/wood_JFfantasyWoodPlanksNailedClean/wood_JFfantasyWoodPlanksNailedClean_2k_g.uasset" 93
"../../../../../../VR Projects/Escape-room/Content/GTFreeMaterials/Textures/wood_JFfantasyWoodPlanksNailedClean/wood_JFfantasyWoodPlanksNailedClean_2k_h.uasset" 94
"../../../../../../VR Projects/Escape-room/Content/GTFreeMaterials/Textures/wood_JFfantasyWoodPlanksNailedClean/wood_JFfantasyWoodPlanksNailedClean_2k_n.uasset" 95
"../../../Engine/Content/Functions/Engine_MaterialFunctions01/Gradient/LinearGradient.uasset" 96
"../../../Engine/Content/Functions/Engine_MaterialFunctions01/ImageAdjustment/CheapContrast.uasset" 97
"../../../Engine/Content/Functions/Engine_MaterialFunctions02/Utility/BreakOutFloat3Components.uasset" 98
"../../../Engine/Content/Functions/Engine_MaterialFunctions02/Math/Transform3x3Matrix.uasset" 99
"../../../Engine/Content/Functions/Engine_MaterialFunctions02/TangentBasis.uasset" 100
"../../../Engine/Content/EngineMaterials/FlatNormal.uasset" 101
"../../../Engine/Content/EngineResources/Black.uasset" 102
"../../../../../../VR Projects/Escape-room/Content/KiteDemo/Textures/T_CliffRock_03_N.uasset" 103
"../../../../../../VR Projects/Escape-room/Content/KiteDemo/Textures/T_CliffRockTile_03_D.uasset" 104
"../../../../../../VR Projects/Escape-room/Content/KiteDemo/Material/M_Photoscan_Master_Displacement.uasset" 105
"../../../../../../VR Projects/Escape-room/Content/StarterContent/Materials/M_Basic_Wall.uasset" 106
"../../../../../../VR Projects/Escape-room/Content/StarterContent/Architecture/Pillar_50x500.uasset" 107
"../../../../../../VR Projects/Escape-room/Content/StarterContent/Architecture/Wall_400x300.uasset" 108
"../../../../../../VR Projects/Escape-room/Content/StarterContent/Architecture/Wall_400x400.uasset" 109
"../../../../../../VR Projects/Escape-room/Content/StarterContent/Architecture/Wall_500x500.uasset" 110
"../../../../../../VR Projects/Escape-room/Content/StarterContent/Architecture/Wall_Door_400x400.uasset" 111
"../../../../../../VR Projects/Escape-room/Content/StarterContent/Architecture/Wall_Window_400x400.uasset" 112
"../../../../../../VR Projects/Escape-room/Content/StarterContent/Audio/Collapse01.uasset" 113
"../../../../../../VR Projects/Escape-room/Content/StarterContent/Audio/Collapse02.uasset" 114
"../../../../../../VR Projects/Escape-room/Content/StarterContent/Audio/Explosion01.uasset" 115
"../../../../../../VR Projects/Escape-room/Content/StarterContent/Audio/Explosion02.uasset" 116
"../../../../../../VR Projects/Escape-room/Content/StarterContent/Audio/Fire01.uasset" 117
"../../../../../../VR Projects/Escape-room/Content/StarterContent/Audio/Fire_Sparks01.uasset" 118
"../../../../../../VR Projects/Escape-room/Content/StarterContent/Audio/Light01.uasset" 119
"../../../../../../VR Projects/Escape-room/Content/StarterContent/Audio/Light01_Cue.uasset" 120
"../../../../../../VR Projects/Escape-room/Content/StarterContent/Audio/Light02.uasset" 121
"../../../../../../VR Projects/Escape-room/Content/StarterContent/Audio/Light02_Cue.uasset" 122
"../../../../../../VR Projects/Escape-room/Content/StarterContent/Audio/Smoke01.uasset" 123
"../../../../../../VR Projects/Escape-room/Content/StarterContent/Audio/Starter_Birds01.uasset" 124
"../../../../../../VR Projects/Escape-room/Content/StarterContent/Audio/Starter_Music01.uasset" 125
"../../../../../../VR Projects/Escape-room/Content/StarterContent/Audio/Starter_Wind05.uasset" 126
"../../../../../../VR Projects/Escape-room/Content/StarterContent/Audio/Starter_Wind06.uasset" 127
"../../../../../../VR Projects/Escape-room/Content/StarterContent/Audio/Steam01.uasset" 128
"../../../../../../VR Projects/Escape-room/Content/StarterContent/Audio/Explosion_Cue.uasset" 129
"../../../../../../VR Projects/Escape-room/Content/StarterContent/Textures/T_Burst_M.uasset" 130
"../../../../../../VR Projects/Escape-room/Content/StarterContent/Particles/Materials/M_Burst.uasset" 131
"../../../../../../VR Projects/Escape-room/Content/StarterContent/Textures/T_Explosion_SubUV.uasset" 132
"../../../../../../VR Projects/Escape-room/Content/StarterContent/Particles/Materials/M_explosion_subUV.uasset" 133
"../../../../../../VR Projects/Escape-room/Content/StarterContent/Particles/Materials/m_flare_01.uasset" 134
"../../../Engine/Content/Functions/Engine_MaterialFunctions01/Gradient/RadialGradient.uasset" 135
"../../../../../../VR Projects/Escape-room/Content/StarterContent/Particles/Materials/M_radial_ramp.uasset" 136
"../../../../../../VR Projects/Escape-room/Content/StarterContent/Textures/T_Smoke_SubUV.uasset" 137
"../../../../../../VR Projects/Escape-room/Content/StarterContent/Textures/T_Smoke_Tiled_D.uasset" 138
"../../../../../../VR Projects/Escape-room/Content/StarterContent/Particles/Materials/M_smoke_subUV.uasset" 139
"../../../../../../VR Projects/Escape-room/Content/StarterContent/Particles/P_Explosion.uasset" 140
"../../../../../../VR Projects/Escape-room/Content/StarterContent/Blueprints/Blueprint_Effect_Explosion.uasset" 141
"../../../../../../VR Projects/Escape-room/Content/StarterContent/Textures/T_Chair_M.uasset" 142
"../../../../../../VR Projects/Escape-room/Content/StarterContent/Textures/T_Chair_N.uasset" 143
"../../../../../../VR Projects/Escape-room/Content/StarterContent/Props/Materials/M_Chair.uasset" 144
"../../../../../../VR Projects/Escape-room/Content/StarterContent/Props/SM_Chair.uasset" 145
"../../../../../../VR Projects/Escape-room/Content/ThingsIMade/Actors/BP_Key_Pickupable.uasset" 146
"../../../../../../VR Projects/Escape-room/Content/StarterContent/Blueprints/Actors/BP_Chair_Pickupable.uasset" 147
"../../../Engine/Content/EditorMeshes/ColorCalibrator/T_ColorGrid.uasset" 148
"../../../../../../VR Projects/Escape-room/Content/StarterContent/Materials/M_ColorGrid_LowSpec.uasset" 149
"../../../../../../VR Projects/Escape-room/Content/StarterContent/Textures/T_Bush_D.uasset" 150
"../../../../../../VR Projects/Escape-room/Content/StarterContent/Textures/T_Bush_N.uasset" 151
"../../../../../../VR Projects/Escape-room/Content/StarterContent/Props/Materials/M_Bush.uasset" 152
"../../../../../../VR Projects/Escape-room/Content/StarterContent/Props/SM_Bush.uasset" 153
"../../../../../../VR Projects/Escape-room/Content/StarterContent/Props/SM_Couch.uasset" 154
"../../../../../../VR Projects/Escape-room/Content/StarterContent/Materials/M_Glass.uasset" 155
"../../../../../../VR Projects/Escape-room/Content/StarterContent/Textures/T_Door_M.uasset" 156
"../../../../../../VR Projects/Escape-room/Content/StarterContent/Textures/T_Door_N.uasset" 157
"../../../../../../VR Projects/Escape-room/Content/StarterContent/Props/Materials/M_Door.uasset" 158
"../../../../../../VR Projects/Escape-room/Content/StarterContent/Props/SM_Door.uasset" 159
"../../../../../../VR Projects/Escape-room/Content/StarterContent/Props/Materials/M_MaterialSphere.uasset" 160
"../../../../../../VR Projects/Escape-room/Content/StarterContent/Props/Materials/M_MaterialSphere_Plain.uasset" 161
"../../../../../../VR Projects/Escape-room/Content/StarterContent/Props/SM_MatPreviewMesh_02.uasset" 162
"../../../Engine/Content/Functions/Engine_MaterialFunctions02/Utility/BlendAngleCorrectedNormals.uasset" 163
"../../../../../../VR Projects/Escape-room/Content/StarterContent/Textures/T_Detail_Rocky_N.uasset" 164
"../../../../../../VR Projects/Escape-room/Content/StarterContent/Textures/T_Rock_Basalt_D.uasset" 165
"../../../../../../VR Projects/Escape-room/Content/StarterContent/Textures/T_RockMesh_M.uasset" 166
"../../../../../../VR Projects/Escape-room/Content/StarterContent/Textures/T_RockMesh_N.uasset" 167
"../../../../../../VR Projects/Escape-room/Content/StarterContent/Props/Materials/M_Rock.uasset" 168
"../../../../../../VR Projects/Escape-room/Content/StarterContent/Props/SM_Rock.uasset" 169
"../../../../../../VR Projects/Escape-room/Content/StarterContent/Textures/T_Shelf_M.uasset" 170
"../../../../../../VR Projects/Escape-room/Content/StarterContent/Textures/T_Shelf_N.uasset" 171
"../../../../../../VR Projects/Escape-room/Content/StarterContent/Props/Materials/M_Shelf.uasset" 172
"../../../../../../VR Projects/Escape-room/Content/StarterContent/Props/SM_Shelf.uasset" 173
"../../../../../../VR Projects/Escape-room/Content/StarterContent/Materials/M_Basic_Floor.uasset" 174
"../../../../../../VR Projects/Escape-room/Content/StarterContent/Props/SM_Stairs.uasset" 175
"../../../../../../VR Projects/Escape-room/Content/StarterContent/Shapes/Shape_Cone.uasset" 176
"../../../../../../VR Projects/Escape-room/Content/StarterContent/Shapes/Shape_Cylinder.uasset" 177
"../../../../../../VR Projects/Escape-room/Content/StarterContent/Shapes/Shape_NarrowCapsule.uasset" 178
"../../../../../../VR Projects/Escape-room/Content/StarterContent/Shapes/Shape_Pipe.uasset" 179
"../../../../../../VR Projects/Escape-room/Content/StarterContent/Shapes/Shape_Pipe_180.uasset" 180
"../../../../../../VR Projects/Escape-room/Content/StarterContent/Shapes/Shape_Pipe_90.uasset" 181
"../../../../../../VR Projects/Escape-room/Content/StarterContent/Shapes/Shape_Plane.uasset" 182
"../../../../../../VR Projects/Escape-room/Content/StarterContent/Shapes/Shape_Torus.uasset" 183
"../../../../../../VR Projects/Escape-room/Content/StarterContent/Shapes/Shape_Trim.uasset" 184
"../../../../../../VR Projects/Escape-room/Content/StarterContent/Shapes/Shape_Trim_90_In.uasset" 185
"../../../../../../VR Projects/Escape-room/Content/StarterContent/Shapes/Shape_Trim_90_Out.uasset" 186
"../../../../../../VR Projects/Escape-room/Content/StarterContent/Shapes/Shape_TriPyramid.uasset" 187
"../../../../../../VR Projects/Escape-room/Content/StarterContent/Shapes/Shape_Tube.uasset" 188
"../../../../../../VR Projects/Escape-room/Content/StarterContent/Shapes/Shape_Wedge_A.uasset" 189
"../../../../../../VR Projects/Escape-room/Content/StarterContent/Shapes/Shape_Wedge_B.uasset" 190
"../../../../../../VR Projects/Escape-room/Content/StarterContent/Shapes/Shape_WideCapsule.uasset" 191
"../../../../../../VR Projects/Escape-room/Content/ThingsIMade/Dump_Later/Material.uasset" 192
"../../../../../../VR Projects/Escape-room/Content/ThingsIMade/Dump_Later/Wall_Key_Size1.uasset" 193
"../../../../../../VR Projects/Escape-room/Content/ThingsIMade/Materials/M_Red.uasset" 194
"../../../../../../VR Projects/Escape-room/Content/ThingsIMade/Music/Opening_Music.uasset" 195
"../../../../../../VR Projects/Escape-room/Content/ThingsIMade/Music/Opening_Music_Cue.uasset" 196
"../../../Engine/Content/Functions/Engine_MaterialFunctions01/Density/ExponentialDensity.uasset" 197
"../../../Engine/Content/Functions/Engine_MaterialFunctions01/Gradient/RadialGradientExponential.uasset" 198
"../../../../../../VR Projects/Escape-room/Content/ThingsIMade/Particles/M_Particles.uasset" 199
"../../../../../../VR Projects/Escape-room/Content/ThingsIMade/Particles/P_ThirdPuzzleHint.uasset" 200
"../../../../../../VR Projects/Escape-room/Content/ThingsIMade/StaticMeshes/02_-_Default.uasset" 201
"../../../../../../VR Projects/Escape-room/Content/ThingsIMade/StaticMeshes/doortexture07.uasset" 202
"../../../../../../VR Projects/Escape-room/Content/ThingsIMade/StaticMeshes/house_siding.uasset" 203
"../../../../../../VR Projects/Escape-room/Content/ThingsIMade/StaticMeshes/Material__407.uasset" 204
"../../../../../../VR Projects/Escape-room/Content/ThingsIMade/StaticMeshes/Material__408.uasset" 205
"../../../../../../VR Projects/Escape-room/Content/ThingsIMade/StaticMeshes/Material__487.uasset" 206
"../../../../../../VR Projects/Escape-room/Content/ThingsIMade/StaticMeshes/PlateYoutube.uasset" 207
"../../../../../../VR Projects/Escape-room/Content/ThingsIMade/StaticMeshes/Plywood.uasset" 208
"../../../../../../VR Projects/Escape-room/Content/ThingsIMade/ThirdPuzzleHint/M_FairyColor.uasset" 209
"../../../../../../VR Projects/Escape-room/Content/ThingsIMade/ThirdPuzzleHint/Fairy_Blueprint.uasset" 210
"../../../../../../VR Projects/Escape-room/Content/VirtualReality/Materials/M_BaseMaterial.uasset" 211
"../../../../../../VR Projects/Escape-room/Content/VirtualReality/Materials/MI_SmallCubes.uasset" 212
"../../../../../../VR Projects/Escape-room/Content/VirtualReality/Materials/GenericHMDMaterial.uasset" 213
"../../../../../../VR Projects/Escape-room/Content/VirtualReality/Meshes/GenericHMD.uasset" 214
"../../../Engine/Content/Animation/DefaultAnimCurveCompressionSettings.uasset" 215
"../../../Engine/Content/ArtTools/RenderToTexture/Meshes/S_1_Unit_Plane.uasset" 216
"../../../Engine/Content/BasicShapes/Cone.uasset" 217
"../../../Engine/Content/BasicShapes/Plane.uasset" 218
"../../../Engine/Content/EditorLandscapeResources/DataLayer.uasset" 219
"../../../Engine/Content/EditorMaterials/GizmoMaterial.uasset" 220
"../../../Engine/Content/EditorMaterials/MAT_Groups_Toggle.uasset" 221
"../../../Engine/Content/EditorMaterials/MAT_Groups_Visibility.uasset" 222
"../../../Engine/Content/EditorMaterials/PreviewShadowIndicator.uasset" 223
"../../../Engine/Content/EditorMaterials/PreviewShadowIndicatorMaterial.uasset" 224
"../../../Engine/Content/EditorMaterials/MatineeGroups/MAT_ColorTrack.uasset" 225
"../../../Engine/Content/EditorMaterials/MatineeGroups/MAT_Groups_Anim.uasset" 226
"../../../Engine/Content/EditorMaterials/MatineeGroups/MAT_Groups_AudioMaster.uasset" 227
"../../../Engine/Content/EditorMaterials/MatineeGroups/MAT_Groups_Director.uasset" 228
"../../../Engine/Content/EditorMaterials/MatineeGroups/MAT_Groups_Event.uasset" 229
"../../../Engine/Content/EditorMaterials/MatineeGroups/MAT_Groups_Fade.uasset" 230
"../../../Engine/Content/EditorMaterials/MatineeGroups/MAT_Groups_Float.uasset" 231
"../../../Engine/Content/EditorMaterials/MatineeGroups/MAT_Groups_Move.uasset" 232
"../../../Engine/Content/EditorMaterials/MatineeGroups/MAT_Groups_Slomo.uasset" 233
"../../../Engine/Content/EditorMaterials/MatineeGroups/MAT_Groups_Sound.uasset" 234
"../../../Engine/Content/EditorMaterials/MatineeGroups/MAT_Groups_Vector.uasset" 235
"../../../Engine/Content/EditorMaterials/ParticleSystems/PSysThumbnail_NoImage.uasset" 236
"../../../Engine/Content/EditorMaterials/ParticleSystems/PSysThumbnail_OOD.uasset" 237
"../../../Engine/Content/EditorMaterials/Camera/CineMat.uasset" 238
"../../../Engine/Content/EditorMaterials/Camera/MI_CineMat_Rig.uasset" 239
"../../../Engine/Content/EditorMeshes/Camera/SM_CraneRig_Arm.uasset" 240
"../../../Engine/Content/EditorMeshes/Camera/SM_CraneRig_Base.uasset" 241
"../../../Engine/Content/EditorMeshes/Camera/SM_CraneRig_Body.uasset" 242
"../../../Engine/Content/EditorMeshes/Camera/SM_CraneRig_Mount.uasset" 243
"../../../Engine/Content/EditorMeshes/Camera/SM_RailRig_Mount.uasset" 244
"../../../Engine/Content/EditorMeshes/Camera/SM_RailRig_Track.uasset" 245
"../../../Engine/Content/EditorResources/BSPVertex.uasset" 246
"../../../Engine/Content/EditorResources/EmptyActor.uasset" 247
"../../../Engine/Content/EditorResources/S_Actor.uasset" 248
"../../../Engine/Content/EditorResources/S_Note.uasset" 249
"../../../Engine/Content/EditorResources/S_Solver.uasset" 250
"../../../Engine/Content/EditorResources/S_Trigger.uasset" 251
"../../../Engine/Content/EditorResources/AudioIcons/S_AudioComponent.uasset" 252
"../../../Engine/Content/EditorResources/AudioIcons/S_AudioComponent_AutoActivate.uasset" 253
"../../../Engine/Content/EditorResources/LightIcons/S_LightError.uasset" 254
"../../../Engine/Content/EditorResources/SequenceRecorder/Countdown.uasset" 255
"../../../Engine/Content/EditorResources/SequenceRecorder/RecordingIndicator.uasset" 256
"../../../Engine/Content/EditorSounds/Notifications/CompileFailed.uasset" 257
"../../../Engine/Content/EditorSounds/Notifications/CompileFailed_Cue.uasset" 258
"../../../Engine/Content/EditorSounds/Notifications/CompileSuccess.uasset" 259
"../../../Engine/Content/EditorSounds/Notifications/CompileStart_Cue.uasset" 260
"../../../Engine/Content/EditorSounds/Notifications/CompileSuccess_Cue.uasset" 261
"../../../Engine/Content/EngineDamageTypes/DmgTypeBP_Environmental.uasset" 262
"../../../Engine/Content/EngineDebugMaterials/HeatmapGradient.uasset" 263
"../../../Engine/Content/EngineDebugMaterials/BoneWeightMaterial.uasset" 264
"../../../Engine/Content/EngineDebugMaterials/ClothMaterial.uasset" 265
"../../../Engine/Content/EngineDebugMaterials/ClothMaterial_WF.uasset" 266
"../../../Engine/Content/EngineDebugMaterials/DebugEditorMaterial.uasset" 267
"../../../Engine/Content/EngineDebugMaterials/DebugMeshMaterial.uasset" 268
"../../../Engine/Content/EngineDebugMaterials/GeomMaterial.uasset" 269
"../../../Engine/Content/EngineDebugMaterials/M_SimpleTranslucent.uasset" 270
"../../../Engine/Content/EngineDebugMaterials/VolumeToRender.uasset" 271
"../../../Engine/Content/EngineDebugMaterials/M_VolumeRenderSphereTracePP.uasset" 272
"../../../Engine/Content/EngineDebugMaterials/WireframeMaterial.uasset" 273
"../../../Engine/Content/EngineFonts/Faces/RobotoBold.uasset" 274
"../../../Engine/Content/EngineFonts/Faces/RobotoBoldItalic.uasset" 275
"../../../Engine/Content/EngineFonts/Faces/RobotoItalic.uasset" 276
"../../../Engine/Content/EngineFonts/Faces/RobotoLight.uasset" 277
"../../../Engine/Content/EngineFonts/Faces/RobotoRegular.uasset" 278
"../../../Engine/Content/EngineFonts/Roboto.uasset" 279
"../../../Engine/Content/EngineMaterials/BaseFlattenDiffuseMap.uasset" 280
"../../../Engine/Content/EngineMaterials/BaseFlattenEmissiveMap.uasset" 281
"../../../Engine/Content/EngineMaterials/BaseFlattenGrayscaleMap.uasset" 282
"../../../Engine/Content/EngineMaterials/BaseFlattenNormalMap.uasset" 283
"../../../Engine/Content/EngineMaterials/BaseFlattenMaterial.uasset" 284
"../../../Engine/Content/EngineMaterials/BlueNoise.uasset" 285
"../../../Engine/Content/EngineMaterials/DefaultBloomKernel.uasset" 286
"../../../Engine/Content/EngineMaterials/DefaultBokeh.uasset" 287
"../../../Engine/Content/EngineMaterials/DefaultDiffuse.uasset" 288
"../../../Engine/Content/EngineMaterials/DefaultDeferredDecalMaterial.uasset" 289
"../../../Engine/Content/EngineMaterials/DefaultLightFunctionMaterial.uasset" 290
"../../../Engine/Content/EngineMaterials/DefaultPhysicalMaterial.uasset" 291
"../../../Engine/Content/EngineMaterials/DefaultPostProcessMaterial.uasset" 292
"../../../Engine/Content/EngineFonts/RobotoDistanceField.uasset" 293
"../../../Engine/Content/EngineMaterials/DefaultTextMaterialOpaque.uasset" 294
"../../../Engine/Content/EngineMaterials/DefaultVirtualTextureMaterial.uasset" 295
"../../../Engine/Content/EngineMaterials/DefaultWhiteGrid.uasset" 296
"../../../Engine/Content/EngineMaterials/EditorBrushMaterial.uasset" 297
"../../../Engine/Content/EngineMaterials/DefaultWhiteGrid_Low.uasset" 298
"../../../Engine/Content/EngineMaterials/EmissiveMeshMaterial.uasset" 299
"../../../Engine/Content/EngineMaterials/MiniFont.uasset" 300
"../../../Engine/Content/EngineMaterials/InvalidLightmapSettings.uasset" 301
"../../../Engine/Content/EngineMaterials/M_InvalidLightmapSettings.uasset" 302
"../../../Engine/Content/Functions/Engine_MaterialFunctions02/WorldPositionOffset/CameraOffset.uasset" 303
"../../../Engine/Content/EngineMaterials/PhAT_JointLimitMaterial.uasset" 304
"../../../Engine/Content/EngineMaterials/PreintegratedSkinBRDF.uasset" 305
"../../../Engine/Content/EngineMaterials/RemoveSurfaceMaterial.uasset" 306
"../../../Engine/Content/EngineMaterials/WeightMapPlaceholderTexture.uasset" 307
"../../../Engine/Content/EngineResources/WhiteSquareTexture.uasset" 308
"../../../Engine/Content/EngineMaterials/Widget3DPassThrough.uasset" 309
"../../../Engine/Content/EngineMaterials/Widget3DPassThrough_Masked.uasset" 310
"../../../Engine/Content/EngineMaterials/Widget3DPassThrough_Opaque.uasset" 311
"../../../Engine/Content/EngineMaterials/Widget3DPassThrough_Masked_OneSided.uasset" 312
"../../../Engine/Content/EngineMaterials/Widget3DPassThrough_Opaque_OneSided.uasset" 313
"../../../Engine/Content/EngineMaterials/Widget3DPassThrough_Translucent.uasset" 314
"../../../Engine/Content/EngineMaterials/Widget3DPassThrough_Translucent_OneSided.uasset" 315
"../../../Engine/Content/EngineMeshes/Cylinder.uasset" 316
"../../../Engine/Content/EngineMeshes/Sphere.uasset" 317
"../../../Engine/Content/EngineResources/DefaultTexture.uasset" 318
"../../../Engine/Content/EngineResources/DefaultTextureCube.uasset" 319
"../../../Engine/Content/EngineResources/DefaultVolumeTexture2D.uasset" 320
"../../../Engine/Content/EngineResources/DefaultVolumeTexture.uasset" 321
"../../../Engine/Content/EngineResources/GradientTexture0.uasset" 322
"../../../Engine/Content/EngineSounds/Master.uasset" 323
"../../../Engine/Content/Functions/Engine_MaterialFunctions01/Shading/ConvertFromDiffSpec.uasset" 324
"../../../Engine/Content/Functions/Engine_MaterialFunctions01/Shading/PowerToRoughness.uasset" 325
"../../../Engine/Content/Maps/Templates/Thumbnails/Default.uasset" 326
"../../../Engine/Content/Maps/Templates/Thumbnails/VR-Basic.uasset" 327
"../../../Engine/Content/MobileResources/T_MobileControls_texture.uasset" 328
"../../../Engine/Content/MobileResources/T_MobileMenu2.uasset" 329
"../../../Engine/Content/MobileResources/HUD/AnalogHat.uasset" 330
"../../../Engine/Content/MobileResources/HUD/VirtualJoystick_Background.uasset" 331
"../../../Engine/Content/MobileResources/HUD/VirtualJoystick_Thumb.uasset" 332
"../../../Engine/Content/MobileResources/HUD/DefaultVirtualJoysticks.uasset" 333
"../../../Engine/Content/MobileResources/HUD/LeftVirtualJoystickOnly.uasset" 334
"../../../Engine/Content/MobileResources/HUD/MobileHUDButton1_off.uasset" 335
"../../../Engine/Content/MobileResources/HUD/MobileHUDButton1_on.uasset" 336
"../../../Engine/Content/MobileResources/HUD/MobileHUDButton2_off.uasset" 337
"../../../Engine/Content/MobileResources/HUD/MobileHUDButton2_on.uasset" 338
"../../../Engine/Content/MobileResources/HUD/MobileHUDButton3.uasset" 339
"../../../Engine/Content/MobileResources/HUD/MobileHUDButtonFire.uasset" 340
"../../../Engine/Content/MobileResources/HUD/MobileHUDDirectionPad.uasset" 341
"../../../Engine/Content/MobileResources/HUD/MobileHUDDirectionPad2.uasset" 342
"../../../Engine/Content/MobileResources/HUD/MobileHUDDirectionPad3.uasset" 343
"../../../Engine/Content/MobileResources/HUD/MobileHUDDirectionStick.uasset" 344
"../../../Engine/Content/MobileResources/HUD/T_Castle_ThumbstickInner.uasset" 345
"../../../Engine/Content/MobileResources/HUD/T_Castle_ThumbstickOutter.uasset" 346
"../../../Engine/Content/Tutorial/ContentIntroCurve.uasset" 347
"../../../Engine/Content/Tutorial/Basics/LevelEditorAttract.uasset" 348
"../../../Engine/Content/Tutorial/Basics/TutorialAssets/icon_tab_Levels_40x.uasset" 349
"../../../Engine/Content/Tutorial/Basics/LevelEditorOverview.uasset" 350
"../../../Engine/Content/VREditor/LaserPointer/VR_LaserPower_01.uasset" 351
"../../../Engine/Content/VREditor/TransformGizmo/TransformGizmoMaterial.uasset" 352
"../../../Engine/Content/VREditor/TransformGizmo/TranslucentTransformGizmoMaterial.uasset" 353
"../../../Engine/Content/VREditor/TransformGizmo/BoundingBoxCorner.uasset" 354
"../../../Engine/Content/VREditor/TransformGizmo/BoundingBoxEdge.uasset" 355
"../../../Engine/Content/VREditor/TransformGizmo/PlaneTranslationHandle.uasset" 356
"../../../Engine/Content/VREditor/TransformGizmo/Main.uasset" 357
"../../../Engine/Content/VREditor/TransformGizmo/Xray.uasset" 358
"../../../Engine/Content/VREditor/TransformGizmo/SM_Sequencer_Key.uasset" 359
"../../../Engine/Content/VREditor/TransformGizmo/SM_Sequencer_Node.uasset" 360
"../../Plugins/2D/Paper2D/Content/PlaceholderTextures/DummySpriteTexture.uasset" 361
"../../Plugins/2D/Paper2D/Content/DummySprite.uasset" 362
"../../Plugins/2D/Paper2D/Content/DefaultPaperTerrainMaterial.uasset" 363
"../../Plugins/2D/Paper2D/Content/DummySpriteTexture.uasset" 364
"../../Plugins/2D/Paper2D/Content/DefaultSpriteMaterial.uasset" 365
"../../Plugins/2D/Paper2D/Content/MaskedUnlitSpriteMaterial.uasset" 366
"../../Plugins/2D/Paper2D/Content/OpaqueUnlitSpriteMaterial.uasset" 367
"../../Plugins/Runtime/Oculus/OculusVR/Content/OculusMR_RenderTarget.uasset" 368
"../../../Engine/Content/Functions/Engine_MaterialFunctions02/Utility/BreakOutFloat4Components.uasset" 369
"../../../Engine/Content/Functions/Engine_MaterialFunctions02/Utility/MakeFloat2.uasset" 370
"../../../Engine/Content/Functions/Engine_MaterialFunctions02/Utility/MakeFloat3.uasset" 371
"../../Plugins/Runtime/Oculus/OculusVR/Content/Materials/OculusMR_ChromaKey.uasset" 372
"../../Plugins/Runtime/Oculus/OculusVR/Content/Materials/OculusMR_ChromaKey_Lit.uasset" 373
"../../Plugins/Runtime/Oculus/OculusVR/Content/Materials/OculusMR_OpaqueColoredMaterial.uasset" 374
"../../Plugins/Runtime/Oculus/OculusVR/Content/Materials/OculusMR_WhiteMaterial.uasset" 375
"../../../../../../VR Projects/Escape-room/Content/StarterContent/Blueprints/Assets/FogBrightnessLUT.uasset" 376
"../../../../../../VR Projects/Escape-room/Content/StarterContent/Blueprints/Assets/SunlightColorLUT.uasset" 377
"../../../../../../VR Projects/Escape-room/Content/StarterContent/Blueprints/Assets/M_LightStage_Arrows.uasset" 378
"../../../Engine/Content/MapTemplates/Sky/DaylightAmbientCubemap.uasset" 379
"../../../../../../VR Projects/Escape-room/Content/StarterContent/Blueprints/Assets/M_LightStage_Skybox_Master.uasset" 380
"../../../../../../VR Projects/Escape-room/Content/StarterContent/Blueprints/Assets/M_LightStage_Skybox_Black.uasset" 381
"../../../../../../VR Projects/Escape-room/Content/StarterContent/Blueprints/Assets/M_LightStage_Skybox_HDRI.uasset" 382
"../../../Engine/Content/EditorMaterials/Thumbnails/SkySphereMaterial.uasset" 383
"../../../../../../VR Projects/Escape-room/Content/StarterContent/Blueprints/Assets/Skybox.uasset" 384
"../../../../../../VR Projects/Escape-room/Content/StarterContent/Blueprints/Assets/SM_Arrows.uasset" 385
"../../../../../../VR Projects/Escape-room/Content/StarterContent/HDRI/HDRI_Epic_Courtyard_Daylight.uasset" 386
"../../../../../../VR Projects/Escape-room/Content/StarterContent/Blueprints/BP_LightStudio.uasset" 387
"../../../../../../VR Projects/Escape-room/Content/StarterContent/Maps/Advanced_Lighting_BuiltData.uasset" 388
"../../../../../../VR Projects/Escape-room/Content/StarterContent/Materials/M_AssetPlatform.uasset" 389
"../../../Engine/Content/EditorMeshes/ColorCalibrator/M_ChromeBall.uasset" 390
"../../../Engine/Content/EditorMeshes/ColorCalibrator/M_ClearCoat.uasset" 391
"../../../Engine/Content/EditorMeshes/ColorCalibrator/M_ClearCoatBlack.uasset" 392
"../../../Engine/Content/EditorMeshes/ColorCalibrator/Color_checker.uasset" 393
"../../../Engine/Content/EditorMeshes/ColorCalibrator/M_ColorGrid.uasset" 394
"../../../Engine/Content/EditorMeshes/ColorCalibrator/M_GreyBall.uasset" 395
"../../../Engine/Content/EditorMeshes/ColorCalibrator/SM_ColorCalibrator.uasset" 396
"../../../../../../VR Projects/Escape-room/Content/StarterContent/Architecture/SM_AssetPlatform.uasset" 397
"../../../../../../VR Projects/Escape-room/Content/StarterContent/Maps/Advanced_Lighting.umap" 398
"../../../Engine/Content/EngineSky/C_Sky_Cloud_Color.uasset" 399
"../../../Engine/Content/EngineSky/C_Sky_Horizon_Color.uasset" 400
"../../../Engine/Content/EngineSky/C_Sky_Zenith_Color.uasset" 401
"../../../Engine/Content/EngineSky/T_Sky_Blue.uasset" 402
"../../../Engine/Content/EngineSky/T_Sky_Clouds_M.uasset" 403
"../../../Engine/Content/EngineSky/T_Sky_Stars.uasset" 404
"../../../Engine/Content/EngineSky/M_Sky_Panning_Clouds2.uasset" 405
"../../../Engine/Content/EngineSky/SM_SkySphere.uasset" 406
"../../../Engine/Content/EngineSky/BP_Sky_Sphere.uasset" 407
"../../../../../../VR Projects/Escape-room/Content/StarterContent/Maps/Minimal_Default_BuiltData.uasset" 408
"../../../../../../VR Projects/Escape-room/Content/StarterContent/Textures/T_MacroVariation.uasset" 409
"../../../../../../VR Projects/Escape-room/Content/StarterContent/Materials/M_Metal_Brushed_Nickel.uasset" 410
"../../../../../../VR Projects/Escape-room/Content/StarterContent/Textures/T_Metal_Aluminum_D.uasset" 411
"../../../../../../VR Projects/Escape-room/Content/StarterContent/Textures/T_Metal_Gold_N.uasset" 412
"../../../../../../VR Projects/Escape-room/Content/StarterContent/Materials/M_Metal_Burnished_Steel.uasset" 413
"../../../../../../VR Projects/Escape-room/Content/StarterContent/Textures/T_Metal_Copper_D.uasset" 414
"../../../../../../VR Projects/Escape-room/Content/StarterContent/Materials/M_Metal_Copper.uasset" 415
"../../../../../../VR Projects/Escape-room/Content/StarterContent/Textures/T_Statue_M.uasset" 416
"../../../../../../VR Projects/Escape-room/Content/StarterContent/Textures/T_Statue_N.uasset" 417
"../../../../../../VR Projects/Escape-room/Content/StarterContent/Props/Materials/M_StatueGlass.uasset" 418
"../../../../../../VR Projects/Escape-room/Content/StarterContent/Architecture/Floor_400x400.uasset" 419
"../../../../../../VR Projects/Escape-room/Content/StarterContent/Audio/Starter_Background_Cue.uasset" 420
"../../../../../../VR Projects/Escape-room/Content/StarterContent/Props/Materials/M_Statue.uasset" 421
"../../../../../../VR Projects/Escape-room/Content/StarterContent/Props/SM_Statue.uasset" 422
"../../../../../../VR Projects/Escape-room/Content/StarterContent/Textures/T_TableRound_M.uasset" 423
"../../../../../../VR Projects/Escape-room/Content/StarterContent/Textures/T_TableRound_N.uasset" 424
"../../../../../../VR Projects/Escape-room/Content/StarterContent/Props/Materials/M_TableRound.uasset" 425
"../../../../../../VR Projects/Escape-room/Content/StarterContent/Props/SM_TableRound.uasset" 426
"../../../../../../VR Projects/Escape-room/Content/StarterContent/Maps/Minimal_Default.umap" 427
"../../../../../../VR Projects/Escape-room/Content/StarterContent/Audio/Fire01_Cue.uasset" 428
"../../../../../../VR Projects/Escape-room/Content/StarterContent/Textures/T_Fire_SubUV.uasset" 429
"../../../../../../VR Projects/Escape-room/Content/StarterContent/Textures/T_Fire_Tiled_D.uasset" 430
"../../../../../../VR Projects/Escape-room/Content/StarterContent/Particles/Materials/M_Fire_SubUV.uasset" 431
"../../../../../../VR Projects/Escape-room/Content/StarterContent/Textures/T_Water_N.uasset" 432
"../../../../../../VR Projects/Escape-room/Content/StarterContent/Particles/Materials/M_Heat_Distortion.uasset" 433
"../../../../../../VR Projects/Escape-room/Content/StarterContent/Particles/Materials/M_Radial_Gradient.uasset" 434
"../../../../../../VR Projects/Escape-room/Content/StarterContent/Particles/P_Fire.uasset" 435
"../../../../../../VR Projects/Escape-room/Content/StarterContent/Blueprints/Blueprint_Effect_Fire.uasset" 436
"../../../../../../VR Projects/Escape-room/Content/StarterContent/Audio/Smoke01_Cue.uasset" 437
"../../../../../../VR Projects/Escape-room/Content/StarterContent/Particles/P_Smoke.uasset" 438
"../../../../../../VR Projects/Escape-room/Content/StarterContent/Blueprints/Blueprint_Effect_Smoke.uasset" 439
"../../../../../../VR Projects/Escape-room/Content/StarterContent/Audio/Fire_Sparks01_Cue.uasset" 440
"../../../../../../VR Projects/Escape-room/Content/StarterContent/Textures/T_Spark_Core.uasset" 441
"../../../../../../VR Projects/Escape-room/Content/StarterContent/Particles/Materials/M_Spark.uasset" 442
"../../../../../../VR Projects/Escape-room/Content/StarterContent/Particles/P_Sparks.uasset" 443
"../../../../../../VR Projects/Escape-room/Content/StarterContent/Blueprints/Blueprint_Effect_Sparks.uasset" 444
"../../../../../../VR Projects/Escape-room/Content/StarterContent/Audio/Steam01_Cue.uasset" 445
"../../../../../../VR Projects/Escape-room/Content/StarterContent/Particles/P_Steam_Lit.uasset" 446
"../../../../../../VR Projects/Escape-room/Content/StarterContent/Blueprints/Blueprint_Effect_Steam.uasset" 447
"../../../../../../VR Projects/Escape-room/Content/StarterContent/Textures/T_Lamp_M.uasset" 448
"../../../../../../VR Projects/Escape-room/Content/StarterContent/Textures/T_Lamp_N.uasset" 449
"../../../../../../VR Projects/Escape-room/Content/StarterContent/Props/Materials/M_Lamp.uasset" 450
"../../../../../../VR Projects/Escape-room/Content/StarterContent/Props/SM_Lamp_Ceiling.uasset" 451
"../../../../../../VR Projects/Escape-room/Content/StarterContent/Blueprints/Blueprint_CeilingLight.uasset" 452
"../../../../../../VR Projects/Escape-room/Content/StarterContent/Props/SM_Lamp_Wall.uasset" 453
"../../../../../../VR Projects/Escape-room/Content/StarterContent/Blueprints/Blueprint_WallSconce.uasset" 454
"../../../../../../VR Projects/Escape-room/Content/StarterContent/Maps/StarterMap_BuiltData.uasset" 455
"../../../Engine/Content/Functions/Engine_MaterialFunctions03/Procedurals/ComputeFilterWidth.uasset" 456
"../../../Engine/Content/EngineMaterials/AntiAliasedTextMaterialTranslucent.uasset" 457
"../../../../../../VR Projects/Escape-room/Content/StarterContent/Textures/T_Brick_Clay_Beveled_D.uasset" 458
"../../../../../../VR Projects/Escape-room/Content/StarterContent/Textures/T_Brick_Clay_Beveled_M.uasset" 459
"../../../../../../VR Projects/Escape-room/Content/StarterContent/Textures/T_Brick_Clay_Beveled_N.uasset" 460
"../../../../../../VR Projects/Escape-room/Content/StarterContent/Materials/M_Brick_Clay_Beveled.uasset" 461
"../../../../../../VR Projects/Escape-room/Content/StarterContent/Textures/T_Brick_Clay_New_D.uasset" 462
"../../../../../../VR Projects/Escape-room/Content/StarterContent/Textures/T_Brick_Clay_New_M.uasset" 463
"../../../../../../VR Projects/Escape-room/Content/StarterContent/Textures/T_Brick_Clay_New_N.uasset" 464
"../../../../../../VR Projects/Escape-room/Content/StarterContent/Materials/M_Brick_Clay_New.uasset" 465
"../../../../../../VR Projects/Escape-room/Content/StarterContent/Textures/T_Brick_Clay_Old_D.uasset" 466
"../../../../../../VR Projects/Escape-room/Content/StarterContent/Textures/T_Brick_Clay_Old_N.uasset" 467
"../../../../../../VR Projects/Escape-room/Content/StarterContent/Textures/T_Perlin_Noise_M.uasset" 468
"../../../../../../VR Projects/Escape-room/Content/StarterContent/Materials/M_Brick_Clay_Old.uasset" 469
"../../../../../../VR Projects/Escape-room/Content/StarterContent/Textures/T_Brick_Cut_Stone_D.uasset" 470
"../../../../../../VR Projects/Escape-room/Content/StarterContent/Textures/T_Brick_Cut_Stone_N.uasset" 471
"../../../../../../VR Projects/Escape-room/Content/StarterContent/Materials/M_Brick_Cut_Stone.uasset" 472
"../../../../../../VR Projects/Escape-room/Content/StarterContent/Textures/T_Brick_Hewn_Stone_D.uasset" 473
"../../../../../../VR Projects/Escape-room/Content/StarterContent/Textures/T_Brick_Hewn_Stone_M.uasset" 474
"../../../../../../VR Projects/Escape-room/Content/StarterContent/Textures/T_Brick_Hewn_Stone_N.uasset" 475
"../../../../../../VR Projects/Escape-room/Content/StarterContent/Materials/M_Brick_Hewn_Stone.uasset" 476
"../../../../../../VR Projects/Escape-room/Content/StarterContent/Textures/T_Ceramic_Tile_M.uasset" 477
"../../../../../../VR Projects/Escape-room/Content/StarterContent/Textures/T_Ceramic_Tile_N.uasset" 478
"../../../../../../VR Projects/Escape-room/Content/StarterContent/Textures/T_Rock_Marble_Polished_D.uasset" 479
"../../../../../../VR Projects/Escape-room/Content/StarterContent/Materials/M_Ceramic_Tile_Checker.uasset" 480
"../../../../../../VR Projects/Escape-room/Content/StarterContent/Textures/T_CobbleStone_Pebble_D.uasset" 481
"../../../../../../VR Projects/Escape-room/Content/StarterContent/Textures/T_CobbleStone_Pebble_M.uasset" 482
"../../../../../../VR Projects/Escape-room/Content/StarterContent/Textures/T_CobbleStone_Pebble_N.uasset" 483
"../../../../../../VR Projects/Escape-room/Content/StarterContent/Materials/M_CobbleStone_Pebble.uasset" 484
"../../../../../../VR Projects/Escape-room/Content/StarterContent/Textures/T_CobbleStone_Rough_D.uasset" 485
"../../../../../../VR Projects/Escape-room/Content/StarterContent/Textures/T_CobbleStone_Rough_N.uasset" 486
"../../../../../../VR Projects/Escape-room/Content/StarterContent/Textures/T_Gradinet_01.uasset" 487
"../../../../../../VR Projects/Escape-room/Content/StarterContent/Textures/T_Rock_Smooth_Granite_D.uasset" 488
"../../../../../../VR Projects/Escape-room/Content/StarterContent/Materials/M_CobbleStone_Rough.uasset" 489
"../../../../../../VR Projects/Escape-room/Content/StarterContent/Textures/T_CobbleStone_Smooth_D.uasset" 490
"../../../../../../VR Projects/Escape-room/Content/StarterContent/Textures/T_CobbleStone_Smooth_M.uasset" 491
"../../../../../../VR Projects/Escape-room/Content/StarterContent/Textures/T_CobbleStone_Smooth_N.uasset" 492
"../../../../../../VR Projects/Escape-room/Content/StarterContent/Materials/M_CobbleStone_Smooth.uasset" 493
"../../../../../../VR Projects/Escape-room/Content/StarterContent/Textures/T_Concrete_Grime_D.uasset" 494
"../../../../../../VR Projects/Escape-room/Content/StarterContent/Textures/T_Metal_Rust_N.uasset" 495
"../../../../../../VR Projects/Escape-room/Content/StarterContent/Materials/M_Concrete_Grime.uasset" 496
"../../../../../../VR Projects/Escape-room/Content/StarterContent/Textures/T_Concrete_Panels_D.uasset" 497
"../../../../../../VR Projects/Escape-room/Content/StarterContent/Textures/T_Concrete_Panels_N.uasset" 498
"../../../../../../VR Projects/Escape-room/Content/StarterContent/Materials/M_Concrete_Panels.uasset" 499
"../../../../../../VR Projects/Escape-room/Content/StarterContent/Textures/T_Concrete_Poured_D.uasset" 500
"../../../../../../VR Projects/Escape-room/Content/StarterContent/Textures/T_Concrete_Poured_N.uasset" 501
"../../../../../../VR Projects/Escape-room/Content/StarterContent/Materials/M_Concrete_Poured.uasset" 502
"../../../../../../VR Projects/Escape-room/Content/StarterContent/Textures/T_Concrete_Tiles_D.uasset" 503
"../../../../../../VR Projects/Escape-room/Content/StarterContent/Textures/T_Concrete_Tiles_M.uasset" 504
"../../../../../../VR Projects/Escape-room/Content/StarterContent/Textures/T_Concrete_Tiles_N.uasset" 505
"../../../../../../VR Projects/Escape-room/Content/StarterContent/Textures/T_Concrete_Tiles_Variation_M.uasset" 506
"../../../../../../VR Projects/Escape-room/Content/StarterContent/Materials/M_Concrete_Tiles.uasset" 507
"../../../../../../VR Projects/Escape-room/Content/StarterContent/Textures/T_Ground_Grass_D.uasset" 508
"../../../../../../VR Projects/Escape-room/Content/StarterContent/Textures/T_Ground_Grass_N.uasset" 509
"../../../../../../VR Projects/Escape-room/Content/StarterContent/Materials/M_Ground_Grass.uasset" 510
"../../../../../../VR Projects/Escape-room/Content/StarterContent/Textures/T_Ground_Gravel_D.uasset" 511
"../../../../../../VR Projects/Escape-room/Content/StarterContent/Textures/T_Ground_Gravel_N.uasset" 512
"../../../../../../VR Projects/Escape-room/Content/StarterContent/Materials/M_Ground_Gravel.uasset" 513
"../../../../../../VR Projects/Escape-room/Content/StarterContent/Textures/T_ground_Moss_D.uasset" 514
"../../../../../../VR Projects/Escape-room/Content/StarterContent/Textures/T_Ground_Moss_N.uasset" 515
"../../../../../../VR Projects/Escape-room/Content/StarterContent/Materials/M_Ground_Moss.uasset" 516
"../../../../../../VR Projects/Escape-room/Content/StarterContent/Materials/M_Metal_Chrome.uasset" 517
"../../../../../../VR Projects/Escape-room/Content/StarterContent/Textures/T_Metal_Gold_D.uasset" 518
"../../../../../../VR Projects/Escape-room/Content/StarterContent/Materials/M_Metal_Gold.uasset" 519
"../../../../../../VR Projects/Escape-room/Content/StarterContent/Textures/T_Metal_Rust_D.uasset" 520
"../../../../../../VR Projects/Escape-room/Content/StarterContent/Materials/M_Metal_Rust.uasset" 521
"../../../../../../VR Projects/Escape-room/Content/StarterContent/Textures/T_Metal_Steel_D.uasset" 522
"../../../../../../VR Projects/Escape-room/Content/StarterContent/Textures/T_Metal_Steel_N.uasset" 523
"../../../../../../VR Projects/Escape-room/Content/StarterContent/Materials/M_Metal_Steel.uasset" 524
"../../../../../../VR Projects/Escape-room/Content/StarterContent/Textures/T_Rock_Basalt_N.uasset" 525
"../../../../../../VR Projects/Escape-room/Content/StarterContent/Materials/M_Rock_Basalt.uasset" 526
"../../../../../../VR Projects/Escape-room/Content/StarterContent/Materials/M_Rock_Marble_Polished.uasset" 527
"../../../../../../VR Projects/Escape-room/Content/StarterContent/Textures/T_Rock_Sandstone_D.uasset" 528
"../../../../../../VR Projects/Escape-room/Content/StarterContent/Textures/T_Rock_Sandstone_N.uasset" 529
"../../../../../../VR Projects/Escape-room/Content/StarterContent/Materials/M_Rock_Sandstone.uasset" 530
"../../../../../../VR Projects/Escape-room/Content/StarterContent/Textures/T_Rock_Slate_D.uasset" 531
"../../../../../../VR Projects/Escape-room/Content/StarterContent/Textures/T_Rock_Slate_N.uasset" 532
"../../../../../../VR Projects/Escape-room/Content/StarterContent/Materials/M_Rock_Slate.uasset" 533
"../../../../../../VR Projects/Escape-room/Content/StarterContent/Textures/T_Checker_Noise_M.uasset" 534
"../../../../../../VR Projects/Escape-room/Content/StarterContent/Textures/T_Single_Tile_N.uasset" 535
"../../../../../../VR Projects/Escape-room/Content/StarterContent/Textures/T_Tech_Dot_M.uasset" 536
"../../../../../../VR Projects/Escape-room/Content/StarterContent/Textures/T_Tech_Dot_N.uasset" 537
"../../../../../../VR Projects/Escape-room/Content/StarterContent/Materials/M_Tech_Checker_Dot.uasset" 538
"../../../../../../VR Projects/Escape-room/Content/StarterContent/Textures/T_Tech_Hex_Tile_M.uasset" 539
"../../../../../../VR Projects/Escape-room/Content/StarterContent/Textures/T_Tech_Hex_Tile_N.uasset" 540
"../../../../../../VR Projects/Escape-room/Content/StarterContent/Materials/M_Tech_Hex_Tile.uasset" 541
"../../../../../../VR Projects/Escape-room/Content/StarterContent/Materials/M_Tech_Hex_Tile_Pulse.uasset" 542
"../../../../../../VR Projects/Escape-room/Content/StarterContent/Textures/T_Tech_Panel_M.uasset" 543
"../../../../../../VR Projects/Escape-room/Content/StarterContent/Textures/T_Tech_Panel_N.uasset" 544
"../../../../../../VR Projects/Escape-room/Content/StarterContent/Materials/M_Tech_Panel.uasset" 545
"../../../../../../VR Projects/Escape-room/Content/StarterContent/Materials/M_Water_Lake.uasset" 546
"../../../../../../VR Projects/Escape-room/Content/StarterContent/Textures/T_Water_M.uasset" 547
"../../../../../../VR Projects/Escape-room/Content/StarterContent/Materials/M_Water_Ocean.uasset" 548
"../../../../../../VR Projects/Escape-room/Content/StarterContent/Textures/T_Wood_Floor_Walnut_D.uasset" 549
"../../../../../../VR Projects/Escape-room/Content/StarterContent/Textures/T_Wood_Floor_Walnut_M.uasset" 550
"../../../../../../VR Projects/Escape-room/Content/StarterContent/Textures/T_Wood_Floor_Walnut_N.uasset" 551
"../../../../../../VR Projects/Escape-room/Content/StarterContent/Materials/M_Wood_Floor_Walnut_Polished.uasset" 552
"../../../Engine/Content/Functions/Engine_MaterialFunctions01/Opacity/AlphaOffset.uasset" 553
"../../../../../../VR Projects/Escape-room/Content/StarterContent/Materials/M_Wood_Floor_Walnut_Worn.uasset" 554
"../../../../../../VR Projects/Escape-room/Content/StarterContent/Textures/T_Wood_Oak_D.uasset" 555
"../../../../../../VR Projects/Escape-room/Content/StarterContent/Textures/T_Wood_Oak_N.uasset" 556
"../../../../../../VR Projects/Escape-room/Content/StarterContent/Materials/M_Wood_Oak.uasset" 557
"../../../../../../VR Projects/Escape-room/Content/StarterContent/Textures/T_Wood_Pine_D.uasset" 558
"../../../../../../VR Projects/Escape-room/Content/StarterContent/Textures/T_Wood_Pine_N.uasset" 559
"../../../../../../VR Projects/Escape-room/Content/StarterContent/Materials/M_Wood_Pine.uasset" 560
"../../../../../../VR Projects/Escape-room/Content/StarterContent/Textures/T_Wood_Walnut_D.uasset" 561
"../../../../../../VR Projects/Escape-room/Content/StarterContent/Textures/T_Wood_Walnut_N.uasset" 562
"../../../../../../VR Projects/Escape-room/Content/StarterContent/Materials/M_Wood_Walnut.uasset" 563
"../../../../../../VR Projects/Escape-room/Content/StarterContent/Architecture/Wall_400x200.uasset" 564
"../../../../../../VR Projects/Escape-room/Content/StarterContent/Architecture/Wall_Door_400x300.uasset" 565
"../../../../../../VR Projects/Escape-room/Content/StarterContent/Architecture/Wall_Window_400x300.uasset" 566
"../../../../../../VR Projects/Escape-room/Content/StarterContent/Audio/Collapse_Cue.uasset" 567
"../../../../../../VR Projects/Escape-room/Content/StarterContent/Audio/Starter_Music_Cue.uasset" 568
"../../../../../../VR Projects/Escape-room/Content/StarterContent/Textures/T_Dust_Particle_D.uasset" 569
"../../../../../../VR Projects/Escape-room/Content/StarterContent/Particles/Materials/M_Dust_Particle.uasset" 570
"../../../../../../VR Projects/Escape-room/Content/StarterContent/Particles/P_Ambient_Dust.uasset" 571
"../../../../../../VR Projects/Escape-room/Content/StarterContent/Props/MaterialSphere.uasset" 572
"../../../../../../VR Projects/Escape-room/Content/StarterContent/Textures/T_Frame_M.uasset" 573
"../../../../../../VR Projects/Escape-room/Content/StarterContent/Textures/T_Frame_N.uasset" 574
"../../../../../../VR Projects/Escape-room/Content/StarterContent/Props/Materials/M_Frame.uasset" 575
"../../../../../../VR Projects/Escape-room/Content/StarterContent/Props/SM_CornerFrame.uasset" 576
"../../../../../../VR Projects/Escape-room/Content/StarterContent/Props/SM_DoorFrame.uasset" 577
"../../../../../../VR Projects/Escape-room/Content/StarterContent/Props/SM_GlassWindow.uasset" 578
"../../../../../../VR Projects/Escape-room/Content/StarterContent/Props/SM_PillarFrame.uasset" 579
"../../../../../../VR Projects/Escape-room/Content/StarterContent/Props/SM_PillarFrame300.uasset" 580
"../../../../../../VR Projects/Escape-room/Content/StarterContent/Props/SM_WindowFrame.uasset" 581
"../../../../../../VR Projects/Escape-room/Content/StarterContent/Shapes/Shape_Cube.uasset" 582
"../../../../../../VR Projects/Escape-room/Content/StarterContent/Shapes/Shape_QuadPyramid.uasset" 583
"../../../../../../VR Projects/Escape-room/Content/StarterContent/Shapes/Shape_Sphere.uasset" 584
"../../../../../../VR Projects/Escape-room/Content/StarterContent/Maps/StarterMap.umap" 585
"../../../../../../VR Projects/Escape-room/Content/VirtualRealityBP/Blueprints/HMDLocomotionPawn.uasset" 586
"../../../../../../VR Projects/Escape-room/Content/VirtualRealityBP/Maps/HMDLocomotionMap_BuiltData.uasset" 587
"../../../../../../VR Projects/Escape-room/Content/VirtualReality/Materials/MI_BaseMaterial2.uasset" 588
"../../../../../../VR Projects/Escape-room/Content/VirtualReality/Materials/MI_BaseMaterial3.uasset" 589
"../../../../../../VR Projects/Escape-room/Content/Geometry/Meshes/1M_Cube.uasset" 590
"../../../../../../VR Projects/Escape-room/Content/VirtualRealityBP/Maps/HMDLocomotionMap.umap" 591
"../../../../../../VR Projects/Escape-room/Content/VirtualRealityBP/Blueprints/BP_PickupCube.uasset" 592
"../../../../../../VR Projects/Escape-room/Content/VirtualRealityBP/Maps/MotionControllerMap_BuiltData.uasset" 593
"../../../../../../VR Projects/Escape-room/Content/VirtualRealityBP/Maps/MotionControllerMap.umap" 594
"../../../../../../VR Projects/Escape-room/Content/StarterContent/Blueprints/Actors/BP_Lamp_Pickupable1.uasset" 595
"../../../../../../VR Projects/Escape-room/Content/ThingsIMade/Materials/M_Blue_Button.uasset" 596
"../../../Engine/Content/BasicShapes/Cube.uasset" 597
"../../../../../../VR Projects/Escape-room/Content/ThingsIMade/Actors/BP_BlueButton_01.uasset" 598
"../../../../../../VR Projects/Escape-room/Content/VirtualRealityBP/Maps/StartupMap_BuiltData.uasset" 599
"../../../Engine/Content/BasicShapes/BasicShapeMaterial.uasset" 600
"../../../../../../VR Projects/Escape-room/Content/GTFreeMaterials/Textures/brick_guiGen/brick_guiGen_2k_d.uasset" 601
"../../../../../../VR Projects/Escape-room/Content/GTFreeMaterials/Textures/brick_guiGen/brick_guiGen_2k_n.uasset" 602
"../../../../../../VR Projects/Escape-room/Content/GTFreeMaterials/Textures/brick_guiGen/brick_guiGen_2k_s.uasset" 603
"../../../../../../VR Projects/Escape-room/Content/GTFreeMaterials/Materials/brick_guiGen.uasset" 604
"../../../../../../VR Projects/Escape-room/Content/ThingsIMade/Materials/T_Rock_Basalt_D_Feet.uasset" 605
"../../../../../../VR Projects/Escape-room/Content/ThingsIMade/Materials/M_Basalt_Feet.uasset" 606
"../../../../../../VR Projects/Escape-room/Content/ThingsIMade/Materials/M_Basalt_Roof.uasset" 607
"../../../../../../VR Projects/Escape-room/Content/ThingsIMade/Materials/T_Rock_Basalt_D_Puzzle2_Hint.uasset" 608
"../../../../../../VR Projects/Escape-room/Content/ThingsIMade/Materials/M_Basalt_V2.uasset" 609
"../../../../../../VR Projects/Escape-room/Content/ThingsIMade/Materials/T_Rock_Basalt_D_Puzzle1_Hint.uasset" 610
"../../../../../../VR Projects/Escape-room/Content/ThingsIMade/Materials/M_Basalt_Xs_And_Os.uasset" 611
"../../../../../../VR Projects/Escape-room/Content/ThingsIMade/Second_Puzzle/Material.uasset" 612
"../../../../../../VR Projects/Escape-room/Content/KiteDemo/Material/M_Photoscan_Master.uasset" 613
"../../../../../../VR Projects/Escape-room/Content/KiteDemo/Environments/Rocks/Medium_Boulder_002/Medium_Boulder_002_N_4096.uasset" 614
"../../../../../../VR Projects/Escape-room/Content/KiteDemo/Environments/Rocks/Medium_Boulder_002/Medium_Boulder_002_D_CC_R.uasset" 615
"../../../../../../VR Projects/Escape-room/Content/KiteDemo/Environments/Rocks/Medium_Boulder_002/MI_MediumBoulder_002.uasset" 616
"../../../../../../VR Projects/Escape-room/Content/GameMusicMegaPack/Stingers/Cartoon/Magic_Dust.uasset" 617
"../../../../../../VR Projects/Escape-room/Content/GameMusicMegaPack/Stingers/Horror/Little_dead_girl_2.uasset" 618
"../../../../../../VR Projects/Escape-room/Content/KiteDemo/Environments/Rocks/Medium_Boulder_002/Medium_Boulder_LowPoly.uasset" 619
"../../../../../../VR Projects/Escape-room/Content/ThingsIMade/BedProblems/bedframe.uasset" 620
"../../../../../../VR Projects/Escape-room/Content/ThingsIMade/BedProblems/02_-_Default.uasset" 621
"../../../../../../VR Projects/Escape-room/Content/ThingsIMade/BedProblems/doortexture07.uasset" 622
"../../../../../../VR Projects/Escape-room/Content/ThingsIMade/BedProblems/house_siding.uasset" 623
"../../../../../../VR Projects/Escape-room/Content/ThingsIMade/BedProblems/pillow01.uasset" 624
"../../../../../../VR Projects/Escape-room/Content/ThingsIMade/BedProblems/Material__407.uasset" 625
"../../../../../../VR Projects/Escape-room/Content/ThingsIMade/BedProblems/bedframe02.uasset" 626
"../../../../../../VR Projects/Escape-room/Content/ThingsIMade/BedProblems/Material__408.uasset" 627
"../../../../../../VR Projects/Escape-room/Content/ThingsIMade/BedProblems/bedsheet01.uasset" 628
"../../../../../../VR Projects/Escape-room/Content/ThingsIMade/BedProblems/Material__487.uasset" 629
"../../../../../../VR Projects/Escape-room/Content/ThingsIMade/BedProblems/blanket01.uasset" 630
"../../../../../../VR Projects/Escape-room/Content/ThingsIMade/BedProblems/Plywood.uasset" 631
"../../../../../../VR Projects/Escape-room/Content/ThingsIMade/BedProblems/Bed.uasset" 632
"../../../../../../VR Projects/Escape-room/Content/ThingsIMade/Music/Kool_amp__The_Gang_-_Celebration.uasset" 633
"../../../../../../VR Projects/Escape-room/Content/ThingsIMade/Music/Kool_amp__The_Gang_-_Celebration_Cue.uasset" 634
"../../../../../../VR Projects/Escape-room/Content/ThingsIMade/Music/Opening_Music_No_Opening.uasset" 635
"../../../../../../VR Projects/Escape-room/Content/ThingsIMade/Music/Opening_Music_No_Opening_Cue.uasset" 636
"../../../../../../VR Projects/Escape-room/Content/ThingsIMade/Particles/P_Sparks1.uasset" 637
"../../../../../../VR Projects/Escape-room/Content/ThingsIMade/Second_Puzzle/Wall_Key_Complete.uasset" 638
"../../../../../../VR Projects/Escape-room/Content/ThingsIMade/StaticMeshes/Metal_diffuse.uasset" 639
"../../../../../../VR Projects/Escape-room/Content/ThingsIMade/StaticMeshes/Metal_normal.uasset" 640
"../../../../../../VR Projects/Escape-room/Content/ThingsIMade/StaticMeshes/Metal_specular.uasset" 641
"../../../../../../VR Projects/Escape-room/Content/ThingsIMade/StaticMeshes/Metal.uasset" 642
"../../../../../../VR Projects/Escape-room/Content/ThingsIMade/StaticMeshes/Wood_Diffuse.uasset" 643
"../../../../../../VR Projects/Escape-room/Content/ThingsIMade/StaticMeshes/Wood_normal.uasset" 644
"../../../../../../VR Projects/Escape-room/Content/ThingsIMade/StaticMeshes/Wood_specular.uasset" 645
"../../../../../../VR Projects/Escape-room/Content/ThingsIMade/StaticMeshes/Wood.uasset" 646
"../../../../../../VR Projects/Escape-room/Content/ThingsIMade/StaticMeshes/Coffee_Table.uasset" 647
"../../../../../../VR Projects/Escape-room/Content/ThingsIMade/StaticMeshes/lamp1.uasset" 648
"../../../../../../VR Projects/Escape-room/Content/ThingsIMade/StaticMeshes/DiffuseTexture_Wooden_Sign.uasset" 649
"../../../../../../VR Projects/Escape-room/Content/ThingsIMade/StaticMeshes/SignMaterial__DiffuseTexture_Wooden.uasset" 650
"../../../../../../VR Projects/Escape-room/Content/ThingsIMade/StaticMeshes/WoodenSign.uasset" 651
"../../../../../../VR Projects/Escape-room/Content/VirtualRealityBP/Maps/StartupMap.umap" 652
"../../../Engine/Content/Maps/Entry_BuiltData.uasset" 653
"../../../Engine/Content/Maps/Entry.umap" 654
